{"D:\\ellyb\\POLITO\\05\\SE_2\\SE2-OfficeQueue\\src\\utils.ts": {"path":"D:\\ellyb\\POLITO\\05\\SE_2\\SE2-OfficeQueue\\src\\utils.ts","statementMap":{"0":{"start":{"line":4,"column":0},"end":{"line":4,"column":16}},"1":{"start":{"line":16,"column":0},"end":{"line":16,"column":16}},"2":{"start":{"line":1,"column":0},"end":{"line":1,"column":61}},"3":{"start":{"line":2,"column":0},"end":{"line":2,"column":61}},"4":{"start":{"line":9,"column":15},"end":{"line":9,"column":36}},"5":{"start":{"line":10,"column":2},"end":{"line":12,"column":3}},"6":{"start":{"line":11,"column":4},"end":{"line":11,"column":42}},"7":{"start":{"line":13,"column":2},"end":{"line":13,"column":14}},"8":{"start":{"line":21,"column":2},"end":{"line":23,"column":3}},"9":{"start":{"line":22,"column":4},"end":{"line":22,"column":42}}},"fnMap":{"0":{"name":"findOrThrowNotFound","decl":{"start":{"line":4,"column":16},"end":{"line":4,"column":35}},"loc":{"start":{"line":7,"column":22},"end":{"line":14,"column":1}}},"1":{"name":"throwConflictIfFound","decl":{"start":{"line":16,"column":16},"end":{"line":16,"column":36}},"loc":{"start":{"line":19,"column":22},"end":{"line":24,"column":1}}}},"branchMap":{"0":{"loc":{"start":{"line":10,"column":2},"end":{"line":12,"column":3}},"type":"if","locations":[{"start":{"line":10,"column":2},"end":{"line":12,"column":3}},{"start":{},"end":{}}]},"1":{"loc":{"start":{"line":21,"column":2},"end":{"line":23,"column":3}},"type":"if","locations":[{"start":{"line":21,"column":2},"end":{"line":23,"column":3}},{"start":{},"end":{}}]}},"s":{"0":3,"1":3,"2":3,"3":3,"4":30,"5":30,"6":8,"7":22,"8":28,"9":5},"f":{"0":30,"1":28},"b":{"0":[8,22],"1":[5,23]}}
,"D:\\ellyb\\POLITO\\05\\SE_2\\SE2-OfficeQueue\\src\\repositories\\counterRepository.ts": {"path":"D:\\ellyb\\POLITO\\05\\SE_2\\SE2-OfficeQueue\\src\\repositories\\counterRepository.ts","statementMap":{"0":{"start":{"line":1,"column":0},"end":{"line":1,"column":43}},"1":{"start":{"line":3,"column":0},"end":{"line":3,"column":40}},"2":{"start":{"line":4,"column":0},"end":{"line":4,"column":43}},"3":{"start":{"line":5,"column":0},"end":{"line":5,"column":43}},"4":{"start":{"line":12,"column":8},"end":{"line":12,"column":60}},"5":{"start":{"line":13,"column":8},"end":{"line":13,"column":67}},"6":{"start":{"line":17,"column":8},"end":{"line":17,"column":59}},"7":{"start":{"line":21,"column":8},"end":{"line":24,"column":11}},"8":{"start":{"line":28,"column":24},"end":{"line":28,"column":40}},"9":{"start":{"line":29,"column":8},"end":{"line":29,"column":31}},"10":{"start":{"line":30,"column":25},"end":{"line":36,"column":10}},"11":{"start":{"line":31,"column":12},"end":{"line":35,"column":14}},"12":{"start":{"line":33,"column":22},"end":{"line":33,"column":26}},"13":{"start":{"line":37,"column":8},"end":{"line":37,"column":55}},"14":{"start":{"line":38,"column":8},"end":{"line":38,"column":39}},"15":{"start":{"line":42,"column":24},"end":{"line":45,"column":null}},"16":{"start":{"line":44,"column":18},"end":{"line":44,"column":22}},"17":{"start":{"line":47,"column":25},"end":{"line":53,"column":10}},"18":{"start":{"line":48,"column":12},"end":{"line":52,"column":14}},"19":{"start":{"line":50,"column":22},"end":{"line":50,"column":26}},"20":{"start":{"line":54,"column":8},"end":{"line":54,"column":55}},"21":{"start":{"line":55,"column":8},"end":{"line":55,"column":39}},"22":{"start":{"line":59,"column":24},"end":{"line":62,"column":null}},"23":{"start":{"line":61,"column":18},"end":{"line":61,"column":22}},"24":{"start":{"line":64,"column":8},"end":{"line":64,"column":32}},"25":{"start":{"line":7,"column":0},"end":{"line":7,"column":13}}},"fnMap":{"0":{"name":"(anonymous_0)","decl":{"start":{"line":11,"column":4},"end":{"line":11,"column":null}},"loc":{"start":{"line":11,"column":4},"end":{"line":14,"column":5}}},"1":{"name":"(anonymous_1)","decl":{"start":{"line":16,"column":4},"end":{"line":16,"column":18}},"loc":{"start":{"line":16,"column":18},"end":{"line":18,"column":5}}},"2":{"name":"(anonymous_2)","decl":{"start":{"line":20,"column":4},"end":{"line":20,"column":18}},"loc":{"start":{"line":20,"column":36},"end":{"line":25,"column":5}}},"3":{"name":"(anonymous_3)","decl":{"start":{"line":27,"column":4},"end":{"line":27,"column":9}},"loc":{"start":{"line":27,"column":63},"end":{"line":39,"column":5}}},"4":{"name":"(anonymous_4)","decl":{"start":{"line":30,"column":40},"end":{"line":30,"column":45}},"loc":{"start":{"line":30,"column":53},"end":{"line":36,"column":9}}},"5":{"name":"(anonymous_5)","decl":{"start":{"line":33,"column":16},"end":{"line":33,"column":19}},"loc":{"start":{"line":33,"column":22},"end":{"line":33,"column":26}}},"6":{"name":"(anonymous_6)","decl":{"start":{"line":41,"column":4},"end":{"line":41,"column":9}},"loc":{"start":{"line":41,"column":66},"end":{"line":56,"column":5}}},"7":{"name":"(anonymous_7)","decl":{"start":{"line":44,"column":12},"end":{"line":44,"column":15}},"loc":{"start":{"line":44,"column":18},"end":{"line":44,"column":22}}},"8":{"name":"(anonymous_8)","decl":{"start":{"line":47,"column":40},"end":{"line":47,"column":45}},"loc":{"start":{"line":47,"column":53},"end":{"line":53,"column":9}}},"9":{"name":"(anonymous_9)","decl":{"start":{"line":50,"column":16},"end":{"line":50,"column":19}},"loc":{"start":{"line":50,"column":22},"end":{"line":50,"column":26}}},"10":{"name":"(anonymous_10)","decl":{"start":{"line":58,"column":4},"end":{"line":58,"column":9}},"loc":{"start":{"line":58,"column":54},"end":{"line":65,"column":5}}},"11":{"name":"(anonymous_11)","decl":{"start":{"line":61,"column":12},"end":{"line":61,"column":15}},"loc":{"start":{"line":61,"column":18},"end":{"line":61,"column":22}}}},"branchMap":{},"s":{"0":1,"1":1,"2":1,"3":1,"4":1,"5":1,"6":2,"7":2,"8":6,"9":6,"10":6,"11":7,"12":5,"13":6,"14":4,"15":6,"16":5,"17":5,"18":6,"19":5,"20":5,"21":4,"22":4,"23":3,"24":3,"25":1},"f":{"0":1,"1":2,"2":2,"3":6,"4":7,"5":5,"6":6,"7":5,"8":6,"9":5,"10":4,"11":3},"b":{}}
,"D:\\ellyb\\POLITO\\05\\SE_2\\SE2-OfficeQueue\\src\\repositories\\customerRepository.ts": {"path":"D:\\ellyb\\POLITO\\05\\SE_2\\SE2-OfficeQueue\\src\\repositories\\customerRepository.ts","statementMap":{"0":{"start":{"line":1,"column":0},"end":{"line":1,"column":42}},"1":{"start":{"line":2,"column":0},"end":{"line":2,"column":54}},"2":{"start":{"line":3,"column":0},"end":{"line":3,"column":67}},"3":{"start":{"line":5,"column":0},"end":{"line":5,"column":47}},"4":{"start":{"line":11,"column":8},"end":{"line":11,"column":61}},"5":{"start":{"line":16,"column":8},"end":{"line":16,"column":38}},"6":{"start":{"line":25,"column":8},"end":{"line":27,"column":5}},"7":{"start":{"line":26,"column":12},"end":{"line":26,"column":58}},"8":{"start":{"line":28,"column":8},"end":{"line":28,"column":37}},"9":{"start":{"line":29,"column":8},"end":{"line":29,"column":35}},"10":{"start":{"line":30,"column":8},"end":{"line":34,"column":10}},"11":{"start":{"line":32,"column":18},"end":{"line":32,"column":22}},"12":{"start":{"line":36,"column":8},"end":{"line":36,"column":67}},"13":{"start":{"line":7,"column":0},"end":{"line":7,"column":13}}},"fnMap":{"0":{"name":"(anonymous_1)","decl":{"start":{"line":10,"column":4},"end":{"line":10,"column":null}},"loc":{"start":{"line":10,"column":4},"end":{"line":12,"column":5}}},"1":{"name":"(anonymous_2)","decl":{"start":{"line":15,"column":4},"end":{"line":15,"column":9}},"loc":{"start":{"line":15,"column":25},"end":{"line":17,"column":5}}},"2":{"name":"(anonymous_3)","decl":{"start":{"line":20,"column":4},"end":{"line":20,"column":9}},"loc":{"start":{"line":23,"column":28},"end":{"line":37,"column":5}}},"3":{"name":"(anonymous_4)","decl":{"start":{"line":32,"column":12},"end":{"line":32,"column":15}},"loc":{"start":{"line":32,"column":18},"end":{"line":32,"column":22}}}},"branchMap":{"0":{"loc":{"start":{"line":25,"column":8},"end":{"line":27,"column":5}},"type":"if","locations":[{"start":{"line":25,"column":8},"end":{"line":27,"column":5}},{"start":{},"end":{}}]},"1":{"loc":{"start":{"line":25,"column":12},"end":{"line":25,"column":96}},"type":"binary-expr","locations":[{"start":{"line":25,"column":12},"end":{"line":25,"column":22}},{"start":{"line":25,"column":26},"end":{"line":25,"column":53}},{"start":{"line":25,"column":57},"end":{"line":25,"column":66}},{"start":{"line":25,"column":70},"end":{"line":25,"column":96}}]}},"s":{"0":1,"1":1,"2":1,"3":1,"4":1,"5":2,"6":24,"7":9,"8":15,"9":15,"10":15,"11":3,"12":12,"13":1},"f":{"0":1,"1":2,"2":24,"3":3},"b":{"0":[9,15],"1":[24,20,19,16]}}
,"D:\\ellyb\\POLITO\\05\\SE_2\\SE2-OfficeQueue\\src\\repositories\\serviceRepository.ts": {"path":"D:\\ellyb\\POLITO\\05\\SE_2\\SE2-OfficeQueue\\src\\repositories\\serviceRepository.ts","statementMap":{"0":{"start":{"line":1,"column":0},"end":{"line":1,"column":42}},"1":{"start":{"line":2,"column":0},"end":{"line":2,"column":52}},"2":{"start":{"line":3,"column":0},"end":{"line":3,"column":67}},"3":{"start":{"line":5,"column":0},"end":{"line":5,"column":47}},"4":{"start":{"line":11,"column":8},"end":{"line":11,"column":60}},"5":{"start":{"line":16,"column":8},"end":{"line":16,"column":38}},"6":{"start":{"line":21,"column":24},"end":{"line":21,"column":65}},"7":{"start":{"line":22,"column":8},"end":{"line":26,"column":10}},"8":{"start":{"line":23,"column":53},"end":{"line":23,"column":63}},"9":{"start":{"line":24,"column":18},"end":{"line":24,"column":22}},"10":{"start":{"line":31,"column":24},"end":{"line":31,"column":68}},"11":{"start":{"line":32,"column":8},"end":{"line":36,"column":10}},"12":{"start":{"line":33,"column":53},"end":{"line":33,"column":63}},"13":{"start":{"line":34,"column":18},"end":{"line":34,"column":22}},"14":{"start":{"line":46,"column":8},"end":{"line":48,"column":9}},"15":{"start":{"line":47,"column":12},"end":{"line":47,"column":58}},"16":{"start":{"line":50,"column":8},"end":{"line":50,"column":27}},"17":{"start":{"line":51,"column":8},"end":{"line":55,"column":10}},"18":{"start":{"line":53,"column":18},"end":{"line":53,"column":22}},"19":{"start":{"line":57,"column":8},"end":{"line":57,"column":73}},"20":{"start":{"line":62,"column":24},"end":{"line":62,"column":57}},"21":{"start":{"line":63,"column":8},"end":{"line":63,"column":40}},"22":{"start":{"line":7,"column":0},"end":{"line":7,"column":13}}},"fnMap":{"0":{"name":"(anonymous_1)","decl":{"start":{"line":10,"column":4},"end":{"line":10,"column":null}},"loc":{"start":{"line":10,"column":4},"end":{"line":12,"column":5}}},"1":{"name":"(anonymous_2)","decl":{"start":{"line":15,"column":4},"end":{"line":15,"column":9}},"loc":{"start":{"line":15,"column":24},"end":{"line":17,"column":5}}},"2":{"name":"(anonymous_3)","decl":{"start":{"line":20,"column":4},"end":{"line":20,"column":9}},"loc":{"start":{"line":20,"column":35},"end":{"line":27,"column":5}}},"3":{"name":"(anonymous_4)","decl":{"start":{"line":23,"column":29},"end":{"line":23,"column":30}},"loc":{"start":{"line":23,"column":53},"end":{"line":23,"column":63}}},"4":{"name":"(anonymous_5)","decl":{"start":{"line":24,"column":12},"end":{"line":24,"column":15}},"loc":{"start":{"line":24,"column":18},"end":{"line":24,"column":22}}},"5":{"name":"(anonymous_6)","decl":{"start":{"line":30,"column":4},"end":{"line":30,"column":9}},"loc":{"start":{"line":30,"column":39},"end":{"line":37,"column":5}}},"6":{"name":"(anonymous_7)","decl":{"start":{"line":33,"column":29},"end":{"line":33,"column":30}},"loc":{"start":{"line":33,"column":53},"end":{"line":33,"column":63}}},"7":{"name":"(anonymous_8)","decl":{"start":{"line":34,"column":12},"end":{"line":34,"column":15}},"loc":{"start":{"line":34,"column":18},"end":{"line":34,"column":22}}},"8":{"name":"(anonymous_9)","decl":{"start":{"line":40,"column":4},"end":{"line":40,"column":9}},"loc":{"start":{"line":43,"column":28},"end":{"line":58,"column":5}}},"9":{"name":"(anonymous_10)","decl":{"start":{"line":53,"column":12},"end":{"line":53,"column":15}},"loc":{"start":{"line":53,"column":18},"end":{"line":53,"column":22}}},"10":{"name":"(anonymous_11)","decl":{"start":{"line":61,"column":4},"end":{"line":61,"column":9}},"loc":{"start":{"line":61,"column":36},"end":{"line":64,"column":5}}}},"branchMap":{"0":{"loc":{"start":{"line":46,"column":8},"end":{"line":48,"column":9}},"type":"if","locations":[{"start":{"line":46,"column":8},"end":{"line":48,"column":9}},{"start":{},"end":{}}]},"1":{"loc":{"start":{"line":46,"column":12},"end":{"line":46,"column":72}},"type":"binary-expr","locations":[{"start":{"line":46,"column":12},"end":{"line":46,"column":17}},{"start":{"line":46,"column":21},"end":{"line":46,"column":43}},{"start":{"line":46,"column":47},"end":{"line":46,"column":72}}]}},"s":{"0":1,"1":1,"2":1,"3":1,"4":1,"5":6,"6":2,"7":2,"8":2,"9":1,"10":5,"11":5,"12":5,"13":3,"14":18,"15":5,"16":13,"17":13,"18":2,"19":11,"20":3,"21":2,"22":1},"f":{"0":1,"1":6,"2":2,"3":2,"4":1,"5":5,"6":5,"7":3,"8":18,"9":2,"10":3},"b":{"0":[5,13],"1":[18,16,15]}}
}
