TN:
SF:src\utils.ts
FN:4,findOrThrowNotFound
FN:16,throwConflictIfFound
FNF:2
FNH:2
FNDA:30,findOrThrowNotFound
FNDA:28,throwConflictIfFound
DA:1,3
DA:2,3
DA:4,3
DA:9,30
DA:10,30
DA:11,8
DA:13,22
DA:16,3
DA:21,28
DA:22,5
LF:10
LH:10
BRDA:10,0,0,8
BRDA:10,0,1,22
BRDA:21,1,0,5
BRDA:21,1,1,23
BRF:4
BRH:4
end_of_record
TN:
SF:src\repositories\counterRepository.ts
FN:11,(anonymous_0)
FN:16,(anonymous_1)
FN:20,(anonymous_2)
FN:27,(anonymous_3)
FN:30,(anonymous_4)
FN:33,(anonymous_5)
FN:41,(anonymous_6)
FN:44,(anonymous_7)
FN:47,(anonymous_8)
FN:50,(anonymous_9)
FN:58,(anonymous_10)
FN:61,(anonymous_11)
FNF:12
FNH:12
FNDA:1,(anonymous_0)
FNDA:2,(anonymous_1)
FNDA:2,(anonymous_2)
FNDA:6,(anonymous_3)
FNDA:7,(anonymous_4)
FNDA:5,(anonymous_5)
FNDA:6,(anonymous_6)
FNDA:5,(anonymous_7)
FNDA:6,(anonymous_8)
FNDA:5,(anonymous_9)
FNDA:4,(anonymous_10)
FNDA:3,(anonymous_11)
DA:1,1
DA:3,1
DA:4,1
DA:5,1
DA:7,1
DA:12,1
DA:13,1
DA:17,2
DA:21,2
DA:28,6
DA:29,6
DA:30,6
DA:31,7
DA:33,5
DA:37,6
DA:38,4
DA:42,6
DA:44,5
DA:47,5
DA:48,6
DA:50,5
DA:54,5
DA:55,4
DA:59,4
DA:61,3
DA:64,3
LF:26
LH:26
BRF:0
BRH:0
end_of_record
TN:
SF:src\repositories\customerRepository.ts
FN:10,(anonymous_1)
FN:15,(anonymous_2)
FN:20,(anonymous_3)
FN:32,(anonymous_4)
FNF:4
FNH:4
FNDA:1,(anonymous_1)
FNDA:2,(anonymous_2)
FNDA:24,(anonymous_3)
FNDA:3,(anonymous_4)
DA:1,1
DA:2,1
DA:3,1
DA:5,1
DA:7,1
DA:11,1
DA:16,2
DA:25,24
DA:26,9
DA:28,15
DA:29,15
DA:30,15
DA:32,3
DA:36,12
LF:14
LH:14
BRDA:25,0,0,9
BRDA:25,0,1,15
BRDA:25,1,0,24
BRDA:25,1,1,20
BRDA:25,1,2,19
BRDA:25,1,3,16
BRF:6
BRH:6
end_of_record
TN:
SF:src\repositories\serviceRepository.ts
FN:10,(anonymous_1)
FN:15,(anonymous_2)
FN:20,(anonymous_3)
FN:23,(anonymous_4)
FN:24,(anonymous_5)
FN:30,(anonymous_6)
FN:33,(anonymous_7)
FN:34,(anonymous_8)
FN:40,(anonymous_9)
FN:53,(anonymous_10)
FN:61,(anonymous_11)
FNF:11
FNH:11
FNDA:1,(anonymous_1)
FNDA:6,(anonymous_2)
FNDA:2,(anonymous_3)
FNDA:2,(anonymous_4)
FNDA:1,(anonymous_5)
FNDA:5,(anonymous_6)
FNDA:5,(anonymous_7)
FNDA:3,(anonymous_8)
FNDA:18,(anonymous_9)
FNDA:2,(anonymous_10)
FNDA:3,(anonymous_11)
DA:1,1
DA:2,1
DA:3,1
DA:5,1
DA:7,1
DA:11,1
DA:16,6
DA:21,2
DA:22,2
DA:23,2
DA:24,1
DA:31,5
DA:32,5
DA:33,5
DA:34,3
DA:46,18
DA:47,5
DA:50,13
DA:51,13
DA:53,2
DA:57,11
DA:62,3
DA:63,2
LF:23
LH:23
BRDA:46,0,0,5
BRDA:46,0,1,13
BRDA:46,1,0,18
BRDA:46,1,1,16
BRDA:46,1,2,15
BRF:5
BRH:5
end_of_record
