TN:
SF:src\utils.ts
FN:4,findOrThrowNotFound
FN:16,throwConflictIfFound
FNF:2
FNH:2
FNDA:42,findOrThrowNotFound
FNDA:28,throwConflictIfFound
DA:1,4
DA:2,4
DA:4,4
DA:9,42
DA:10,42
DA:11,13
DA:13,29
DA:16,4
DA:21,28
DA:22,5
LF:10
LH:10
BRDA:10,0,0,13
BRDA:10,0,1,29
BRDA:21,1,0,5
BRDA:21,1,1,23
BRF:4
BRH:4
end_of_record
TN:
SF:src\repositories\counterRepository.ts
FN:11,(anonymous_0)
FN:16,(anonymous_1)
FN:20,(anonymous_2)
FN:27,(anonymous_3)
FN:30,(anonymous_4)
FN:33,(anonymous_5)
FN:41,(anonymous_6)
FN:44,(anonymous_7)
FN:47,(anonymous_8)
FN:50,(anonymous_9)
FN:58,(anonymous_10)
FN:61,(anonymous_11)
FNF:12
FNH:12
FNDA:1,(anonymous_0)
FNDA:2,(anonymous_1)
FNDA:2,(anonymous_2)
FNDA:6,(anonymous_3)
FNDA:7,(anonymous_4)
FNDA:5,(anonymous_5)
FNDA:6,(anonymous_6)
FNDA:5,(anonymous_7)
FNDA:6,(anonymous_8)
FNDA:5,(anonymous_9)
FNDA:4,(anonymous_10)
FNDA:3,(anonymous_11)
DA:1,1
DA:3,1
DA:4,1
DA:5,1
DA:7,1
DA:12,1
DA:13,1
DA:17,2
DA:21,2
DA:28,6
DA:29,6
DA:30,6
DA:31,7
DA:33,5
DA:37,6
DA:38,4
DA:42,6
DA:44,5
DA:47,5
DA:48,6
DA:50,5
DA:54,5
DA:55,4
DA:59,4
DA:61,3
DA:64,3
LF:26
LH:26
BRF:0
BRH:0
end_of_record
TN:
SF:src\repositories\customerRepository.ts
FN:10,(anonymous_1)
FN:15,(anonymous_2)
FN:20,(anonymous_3)
FN:32,(anonymous_4)
FNF:4
FNH:4
FNDA:1,(anonymous_1)
FNDA:2,(anonymous_2)
FNDA:24,(anonymous_3)
FNDA:3,(anonymous_4)
DA:1,1
DA:2,1
DA:3,1
DA:5,1
DA:7,1
DA:11,1
DA:16,2
DA:25,24
DA:26,9
DA:28,15
DA:29,15
DA:30,15
DA:32,3
DA:36,12
LF:14
LH:14
BRDA:25,0,0,9
BRDA:25,0,1,15
BRDA:25,1,0,24
BRDA:25,1,1,20
BRDA:25,1,2,19
BRDA:25,1,3,16
BRF:6
BRH:6
end_of_record
TN:
SF:src\repositories\queueRepository.ts
FN:8,(anonymous_0)
FN:12,(anonymous_1)
FN:16,(anonymous_2)
FN:30,(anonymous_3)
FN:46,(anonymous_4)
FN:55,(anonymous_5)
FN:71,(anonymous_6)
FN:81,(anonymous_7)
FN:89,(anonymous_8)
FNF:9
FNH:9
FNDA:1,(anonymous_0)
FNDA:2,(anonymous_1)
FNDA:3,(anonymous_2)
FNDA:2,(anonymous_3)
FNDA:3,(anonymous_4)
FNDA:2,(anonymous_5)
FNDA:2,(anonymous_6)
FNDA:2,(anonymous_7)
FNDA:2,(anonymous_8)
DA:1,1
DA:2,1
DA:3,1
DA:5,1
DA:9,1
DA:13,2
DA:17,3
DA:18,3
DA:19,3
DA:20,3
DA:22,3
DA:31,2
DA:32,2
DA:33,2
DA:34,2
DA:36,2
DA:47,3
DA:48,3
DA:49,3
DA:50,3
DA:52,3
DA:56,2
DA:57,2
DA:58,2
DA:59,2
DA:61,2
DA:72,2
DA:82,2
DA:90,2
LF:29
LH:29
BRF:0
BRH:0
end_of_record
TN:
SF:src\repositories\serviceRepository.ts
FN:10,(anonymous_1)
FN:15,(anonymous_2)
FN:20,(anonymous_3)
FN:23,(anonymous_4)
FN:24,(anonymous_5)
FN:30,(anonymous_6)
FN:33,(anonymous_7)
FN:34,(anonymous_8)
FN:40,(anonymous_9)
FN:53,(anonymous_10)
FN:61,(anonymous_11)
FNF:11
FNH:11
FNDA:1,(anonymous_1)
FNDA:6,(anonymous_2)
FNDA:2,(anonymous_3)
FNDA:2,(anonymous_4)
FNDA:1,(anonymous_5)
FNDA:5,(anonymous_6)
FNDA:5,(anonymous_7)
FNDA:3,(anonymous_8)
FNDA:18,(anonymous_9)
FNDA:2,(anonymous_10)
FNDA:3,(anonymous_11)
DA:1,1
DA:2,1
DA:3,1
DA:5,1
DA:7,1
DA:11,1
DA:16,6
DA:21,2
DA:22,2
DA:23,2
DA:24,1
DA:31,5
DA:32,5
DA:33,5
DA:34,3
DA:46,18
DA:47,5
DA:50,13
DA:51,13
DA:53,2
DA:57,11
DA:62,3
DA:63,2
LF:23
LH:23
BRDA:46,0,0,5
BRDA:46,0,1,13
BRDA:46,1,0,18
BRDA:46,1,1,16
BRDA:46,1,2,15
BRF:5
BRH:5
end_of_record
TN:
SF:src\repositories\ticketRepository.ts
FN:18,(anonymous_0)
FN:25,(anonymous_1)
FN:29,(anonymous_2)
FN:32,(anonymous_3)
FN:37,(anonymous_4)
FN:53,(anonymous_5)
FN:59,(anonymous_6)
FN:79,(anonymous_7)
FN:82,(anonymous_8)
FN:87,(anonymous_9)
FN:90,(anonymous_10)
FN:100,(anonymous_11)
FN:116,(anonymous_12)
FN:117,(anonymous_13)
FNF:14
FNH:12
FNDA:1,(anonymous_0)
FNDA:2,(anonymous_1)
FNDA:2,(anonymous_2)
FNDA:1,(anonymous_3)
FNDA:5,(anonymous_4)
FNDA:2,(anonymous_5)
FNDA:1,(anonymous_6)
FNDA:2,(anonymous_7)
FNDA:1,(anonymous_8)
FNDA:3,(anonymous_9)
FNDA:2,(anonymous_10)
FNDA:1,(anonymous_11)
FNDA:0,(anonymous_12)
FNDA:0,(anonymous_13)
DA:1,1
DA:2,1
DA:3,1
DA:4,1
DA:5,1
DA:7,1
DA:8,1
DA:9,1
DA:12,1
DA:19,1
DA:20,1
DA:21,1
DA:22,1
DA:26,2
DA:30,2
DA:32,1
DA:42,5
DA:43,1
DA:46,4
DA:47,1
DA:51,3
DA:53,2
DA:57,2
DA:59,1
DA:63,1
DA:68,1
DA:70,1
DA:71,0
DA:74,1
DA:76,1
DA:80,2
DA:82,1
DA:88,3
DA:90,2
DA:94,2
DA:101,1
DA:102,1
DA:103,1
DA:106,0
DA:116,0
DA:117,0
DA:118,0
DA:125,0
LF:43
LH:37
BRDA:42,0,0,1
BRDA:42,0,1,4
BRDA:46,1,0,1
BRDA:46,1,1,3
BRDA:70,2,0,0
BRDA:70,2,1,1
BRDA:102,3,0,1
BRDA:102,3,1,0
BRDA:102,4,0,1
BRDA:102,4,1,1
BRDA:121,5,0,0
BRDA:121,5,1,0
BRF:12
BRH:8
end_of_record
